[08-11-2025 17:21:30] [GatewayService] [background-preinit] [INFO ] [o.h.validator.internal.util.Version] - HV000001: Hibernate Validator 8.0.3.Final
[08-11-2025 17:21:30] [GatewayService] [main] [INFO ] [i.s.g.GatewayServiceApplication] - Starting GatewayServiceApplication using Java 21 with PID 1 (/app/GatewayService.jar started by root in /app)
[08-11-2025 17:21:30] [GatewayService] [main] [INFO ] [i.s.g.GatewayServiceApplication] - The following 1 profile is active: "local"
[08-11-2025 17:21:32] [GatewayService] [main] [INFO ] [o.s.c.context.scope.GenericScope] - BeanFactory id=ebaa7fd5-408e-3bc8-9e8d-8ee8ac262ea0
[08-11-2025 17:21:32] [GatewayService] [main] [INFO ] [o.s.b.w.e.tomcat.TomcatWebServer] - Tomcat initialized with port 8080 (http)
[08-11-2025 17:21:32] [GatewayService] [main] [INFO ] [o.a.coyote.http11.Http11NioProtocol] - Initializing ProtocolHandler ["http-nio-8080"]
[08-11-2025 17:21:32] [GatewayService] [main] [INFO ] [o.a.catalina.core.StandardService] - Starting service [Tomcat]
[08-11-2025 17:21:32] [GatewayService] [main] [INFO ] [o.a.catalina.core.StandardEngine] - Starting Servlet engine: [Apache Tomcat/10.1.48]
[08-11-2025 17:21:32] [GatewayService] [main] [INFO ] [o.a.c.c.C.[.[.[/social-library]] - Initializing Spring embedded WebApplicationContext
[08-11-2025 17:21:32] [GatewayService] [main] [INFO ] [o.s.b.w.s.c.ServletWebServerApplicationContext] - Root WebApplicationContext: initialization completed in 1515 ms
[08-11-2025 17:21:33] [GatewayService] [main] [DEBUG] [o.s.s.c.a.a.c.AuthenticationConfiguration$DefaultPasswordEncoderAuthenticationManagerBuilder] - No authenticationProviders and no parentAuthenticationManager defined. Returning null.
[08-11-2025 17:21:33] [GatewayService] [main] [INFO ] [o.s.b.a.e.web.EndpointLinksResolver] - Exposing 1 endpoint beneath base path '/actuator'
[08-11-2025 17:21:33] [GatewayService] [main] [DEBUG] [o.s.s.w.DefaultSecurityFilterChain] - Will secure any request with filters: DisableEncodeUrlFilter, WebAsyncManagerIntegrationFilter, SecurityContextHolderFilter, HeaderWriterFilter, CorsFilter, CsrfFilter, LogoutFilter, UsernamePasswordAuthenticationFilter, DefaultResourcesFilter, DefaultLoginPageGeneratingFilter, DefaultLogoutPageGeneratingFilter, BasicAuthenticationFilter, RequestCacheAwareFilter, SecurityContextHolderAwareRequestFilter, AnonymousAuthenticationFilter, ExceptionTranslationFilter, AuthorizationFilter
[08-11-2025 17:21:34] [GatewayService] [main] [INFO ] [o.a.coyote.http11.Http11NioProtocol] - Starting ProtocolHandler ["http-nio-8080"]
[08-11-2025 17:21:34] [GatewayService] [main] [INFO ] [o.s.b.w.e.tomcat.TomcatWebServer] - Tomcat started on port 8080 (http) with context path '/social-library'
[08-11-2025 17:21:34] [GatewayService] [main] [INFO ] [i.s.g.GatewayServiceApplication] - Started GatewayServiceApplication in 3.903 seconds (process running for 4.788)
[08-11-2025 17:21:34] [GatewayService] [http-nio-8080-exec-1] [INFO ] [o.a.c.c.C.[.[.[/social-library]] - Initializing Spring DispatcherServlet 'dispatcherServlet'
[08-11-2025 17:21:34] [GatewayService] [http-nio-8080-exec-1] [INFO ] [o.s.web.servlet.DispatcherServlet] - Initializing Servlet 'dispatcherServlet'
[08-11-2025 17:21:34] [GatewayService] [http-nio-8080-exec-1] [INFO ] [o.s.web.servlet.DispatcherServlet] - Completed initialization in 2 ms
[08-11-2025 17:21:34] [GatewayService] [http-nio-8080-exec-1] [DEBUG] [o.s.security.web.FilterChainProxy] - Securing GET /actuator/health
[08-11-2025 17:21:34] [GatewayService] [http-nio-8080-exec-1] [DEBUG] [o.s.security.web.FilterChainProxy] - Secured GET /actuator/health
[08-11-2025 17:21:34] [GatewayService] [http-nio-8080-exec-1] [DEBUG] [o.s.s.w.a.AnonymousAuthenticationFilter] - Set SecurityContextHolder to anonymous SecurityContext
[08-11-2025 17:22:04] [GatewayService] [http-nio-8080-exec-3] [DEBUG] [o.s.security.web.FilterChainProxy] - Securing GET /actuator/health
[08-11-2025 17:22:04] [GatewayService] [http-nio-8080-exec-3] [DEBUG] [o.s.security.web.FilterChainProxy] - Secured GET /actuator/health
[08-11-2025 17:22:04] [GatewayService] [http-nio-8080-exec-3] [DEBUG] [o.s.s.w.a.AnonymousAuthenticationFilter] - Set SecurityContextHolder to anonymous SecurityContext
[08-11-2025 17:22:34] [GatewayService] [http-nio-8080-exec-4] [DEBUG] [o.s.security.web.FilterChainProxy] - Securing GET /actuator/health
[08-11-2025 17:22:34] [GatewayService] [http-nio-8080-exec-4] [DEBUG] [o.s.security.web.FilterChainProxy] - Secured GET /actuator/health
[08-11-2025 17:22:34] [GatewayService] [http-nio-8080-exec-4] [DEBUG] [o.s.s.w.a.AnonymousAuthenticationFilter] - Set SecurityContextHolder to anonymous SecurityContext
[08-11-2025 17:23:05] [GatewayService] [http-nio-8080-exec-5] [DEBUG] [o.s.security.web.FilterChainProxy] - Securing GET /actuator/health
[08-11-2025 17:23:05] [GatewayService] [http-nio-8080-exec-5] [DEBUG] [o.s.security.web.FilterChainProxy] - Secured GET /actuator/health
[08-11-2025 17:23:05] [GatewayService] [http-nio-8080-exec-5] [DEBUG] [o.s.s.w.a.AnonymousAuthenticationFilter] - Set SecurityContextHolder to anonymous SecurityContext
[08-11-2025 17:23:35] [GatewayService] [http-nio-8080-exec-8] [DEBUG] [o.s.security.web.FilterChainProxy] - Securing GET /actuator/health
[08-11-2025 17:23:35] [GatewayService] [http-nio-8080-exec-8] [DEBUG] [o.s.security.web.FilterChainProxy] - Secured GET /actuator/health
[08-11-2025 17:23:35] [GatewayService] [http-nio-8080-exec-8] [DEBUG] [o.s.s.w.a.AnonymousAuthenticationFilter] - Set SecurityContextHolder to anonymous SecurityContext
[08-11-2025 17:24:05] [GatewayService] [http-nio-8080-exec-10] [DEBUG] [o.s.security.web.FilterChainProxy] - Securing GET /actuator/health
[08-11-2025 17:24:05] [GatewayService] [http-nio-8080-exec-10] [DEBUG] [o.s.security.web.FilterChainProxy] - Secured GET /actuator/health
[08-11-2025 17:24:05] [GatewayService] [http-nio-8080-exec-10] [DEBUG] [o.s.s.w.a.AnonymousAuthenticationFilter] - Set SecurityContextHolder to anonymous SecurityContext
[08-11-2025 17:24:35] [GatewayService] [http-nio-8080-exec-7] [DEBUG] [o.s.security.web.FilterChainProxy] - Securing GET /actuator/health
[08-11-2025 17:24:35] [GatewayService] [http-nio-8080-exec-7] [DEBUG] [o.s.security.web.FilterChainProxy] - Secured GET /actuator/health
[08-11-2025 17:24:35] [GatewayService] [http-nio-8080-exec-7] [DEBUG] [o.s.s.w.a.AnonymousAuthenticationFilter] - Set SecurityContextHolder to anonymous SecurityContext
[08-11-2025 17:25:05] [GatewayService] [http-nio-8080-exec-2] [DEBUG] [o.s.security.web.FilterChainProxy] - Securing GET /actuator/health
[08-11-2025 17:25:05] [GatewayService] [http-nio-8080-exec-2] [DEBUG] [o.s.security.web.FilterChainProxy] - Secured GET /actuator/health
[08-11-2025 17:25:05] [GatewayService] [http-nio-8080-exec-2] [DEBUG] [o.s.s.w.a.AnonymousAuthenticationFilter] - Set SecurityContextHolder to anonymous SecurityContext
[08-11-2025 17:25:35] [GatewayService] [http-nio-8080-exec-4] [DEBUG] [o.s.security.web.FilterChainProxy] - Securing GET /actuator/health
[08-11-2025 17:25:35] [GatewayService] [http-nio-8080-exec-4] [DEBUG] [o.s.security.web.FilterChainProxy] - Secured GET /actuator/health
[08-11-2025 17:25:35] [GatewayService] [http-nio-8080-exec-4] [DEBUG] [o.s.s.w.a.AnonymousAuthenticationFilter] - Set SecurityContextHolder to anonymous SecurityContext
[08-11-2025 17:26:05] [GatewayService] [http-nio-8080-exec-5] [DEBUG] [o.s.security.web.FilterChainProxy] - Securing GET /actuator/health
[08-11-2025 17:26:05] [GatewayService] [http-nio-8080-exec-5] [DEBUG] [o.s.security.web.FilterChainProxy] - Secured GET /actuator/health
[08-11-2025 17:26:05] [GatewayService] [http-nio-8080-exec-5] [DEBUG] [o.s.s.w.a.AnonymousAuthenticationFilter] - Set SecurityContextHolder to anonymous SecurityContext
[08-11-2025 17:26:35] [GatewayService] [http-nio-8080-exec-8] [DEBUG] [o.s.security.web.FilterChainProxy] - Securing GET /actuator/health
[08-11-2025 17:26:35] [GatewayService] [http-nio-8080-exec-8] [DEBUG] [o.s.security.web.FilterChainProxy] - Secured GET /actuator/health
[08-11-2025 17:26:35] [GatewayService] [http-nio-8080-exec-8] [DEBUG] [o.s.s.w.a.AnonymousAuthenticationFilter] - Set SecurityContextHolder to anonymous SecurityContext
[08-11-2025 17:27:06] [GatewayService] [http-nio-8080-exec-9] [DEBUG] [o.s.security.web.FilterChainProxy] - Securing GET /actuator/health
[08-11-2025 17:27:06] [GatewayService] [http-nio-8080-exec-9] [DEBUG] [o.s.security.web.FilterChainProxy] - Secured GET /actuator/health
[08-11-2025 17:27:06] [GatewayService] [http-nio-8080-exec-9] [DEBUG] [o.s.s.w.a.AnonymousAuthenticationFilter] - Set SecurityContextHolder to anonymous SecurityContext
[08-11-2025 17:27:36] [GatewayService] [http-nio-8080-exec-7] [DEBUG] [o.s.security.web.FilterChainProxy] - Securing GET /actuator/health
[08-11-2025 17:27:36] [GatewayService] [http-nio-8080-exec-7] [DEBUG] [o.s.security.web.FilterChainProxy] - Secured GET /actuator/health
[08-11-2025 17:27:36] [GatewayService] [http-nio-8080-exec-7] [DEBUG] [o.s.s.w.a.AnonymousAuthenticationFilter] - Set SecurityContextHolder to anonymous SecurityContext
[08-11-2025 17:28:06] [GatewayService] [http-nio-8080-exec-1] [DEBUG] [o.s.security.web.FilterChainProxy] - Securing GET /actuator/health
[08-11-2025 17:28:06] [GatewayService] [http-nio-8080-exec-1] [DEBUG] [o.s.security.web.FilterChainProxy] - Secured GET /actuator/health
[08-11-2025 17:28:06] [GatewayService] [http-nio-8080-exec-1] [DEBUG] [o.s.s.w.a.AnonymousAuthenticationFilter] - Set SecurityContextHolder to anonymous SecurityContext
[08-11-2025 17:28:36] [GatewayService] [http-nio-8080-exec-3] [DEBUG] [o.s.security.web.FilterChainProxy] - Securing GET /actuator/health
[08-11-2025 17:28:36] [GatewayService] [http-nio-8080-exec-3] [DEBUG] [o.s.security.web.FilterChainProxy] - Secured GET /actuator/health
[08-11-2025 17:28:36] [GatewayService] [http-nio-8080-exec-3] [DEBUG] [o.s.s.w.a.AnonymousAuthenticationFilter] - Set SecurityContextHolder to anonymous SecurityContext
[08-11-2025 17:29:06] [GatewayService] [http-nio-8080-exec-5] [DEBUG] [o.s.security.web.FilterChainProxy] - Securing GET /actuator/health
[08-11-2025 17:29:06] [GatewayService] [http-nio-8080-exec-5] [DEBUG] [o.s.security.web.FilterChainProxy] - Secured GET /actuator/health
[08-11-2025 17:29:06] [GatewayService] [http-nio-8080-exec-5] [DEBUG] [o.s.s.w.a.AnonymousAuthenticationFilter] - Set SecurityContextHolder to anonymous SecurityContext
[08-11-2025 17:29:36] [GatewayService] [http-nio-8080-exec-8] [DEBUG] [o.s.security.web.FilterChainProxy] - Securing GET /actuator/health
[08-11-2025 17:29:36] [GatewayService] [http-nio-8080-exec-8] [DEBUG] [o.s.security.web.FilterChainProxy] - Secured GET /actuator/health
[08-11-2025 17:29:36] [GatewayService] [http-nio-8080-exec-8] [DEBUG] [o.s.s.w.a.AnonymousAuthenticationFilter] - Set SecurityContextHolder to anonymous SecurityContext
[08-11-2025 17:30:06] [GatewayService] [http-nio-8080-exec-10] [DEBUG] [o.s.security.web.FilterChainProxy] - Securing GET /actuator/health
[08-11-2025 17:30:06] [GatewayService] [http-nio-8080-exec-10] [DEBUG] [o.s.security.web.FilterChainProxy] - Secured GET /actuator/health
[08-11-2025 17:30:06] [GatewayService] [http-nio-8080-exec-10] [DEBUG] [o.s.s.w.a.AnonymousAuthenticationFilter] - Set SecurityContextHolder to anonymous SecurityContext
[08-11-2025 17:30:36] [GatewayService] [http-nio-8080-exec-7] [DEBUG] [o.s.security.web.FilterChainProxy] - Securing GET /actuator/health
[08-11-2025 17:30:36] [GatewayService] [http-nio-8080-exec-7] [DEBUG] [o.s.security.web.FilterChainProxy] - Secured GET /actuator/health
[08-11-2025 17:30:36] [GatewayService] [http-nio-8080-exec-7] [DEBUG] [o.s.s.w.a.AnonymousAuthenticationFilter] - Set SecurityContextHolder to anonymous SecurityContext
[08-11-2025 17:31:06] [GatewayService] [http-nio-8080-exec-1] [DEBUG] [o.s.security.web.FilterChainProxy] - Securing GET /actuator/health
[08-11-2025 17:31:06] [GatewayService] [http-nio-8080-exec-1] [DEBUG] [o.s.security.web.FilterChainProxy] - Secured GET /actuator/health
[08-11-2025 17:31:06] [GatewayService] [http-nio-8080-exec-1] [DEBUG] [o.s.s.w.a.AnonymousAuthenticationFilter] - Set SecurityContextHolder to anonymous SecurityContext
[08-11-2025 17:31:37] [GatewayService] [http-nio-8080-exec-3] [DEBUG] [o.s.security.web.FilterChainProxy] - Securing GET /actuator/health
[08-11-2025 17:31:37] [GatewayService] [http-nio-8080-exec-3] [DEBUG] [o.s.security.web.FilterChainProxy] - Secured GET /actuator/health
[08-11-2025 17:31:37] [GatewayService] [http-nio-8080-exec-3] [DEBUG] [o.s.s.w.a.AnonymousAuthenticationFilter] - Set SecurityContextHolder to anonymous SecurityContext
[08-11-2025 17:32:07] [GatewayService] [http-nio-8080-exec-4] [DEBUG] [o.s.security.web.FilterChainProxy] - Securing GET /actuator/health
[08-11-2025 17:32:07] [GatewayService] [http-nio-8080-exec-4] [DEBUG] [o.s.security.web.FilterChainProxy] - Secured GET /actuator/health
[08-11-2025 17:32:07] [GatewayService] [http-nio-8080-exec-4] [DEBUG] [o.s.s.w.a.AnonymousAuthenticationFilter] - Set SecurityContextHolder to anonymous SecurityContext
[08-11-2025 17:32:37] [GatewayService] [http-nio-8080-exec-6] [DEBUG] [o.s.security.web.FilterChainProxy] - Securing GET /actuator/health
[08-11-2025 17:32:37] [GatewayService] [http-nio-8080-exec-6] [DEBUG] [o.s.security.web.FilterChainProxy] - Secured GET /actuator/health
[08-11-2025 17:32:37] [GatewayService] [http-nio-8080-exec-6] [DEBUG] [o.s.s.w.a.AnonymousAuthenticationFilter] - Set SecurityContextHolder to anonymous SecurityContext
[08-11-2025 17:33:07] [GatewayService] [http-nio-8080-exec-8] [DEBUG] [o.s.security.web.FilterChainProxy] - Securing GET /actuator/health
[08-11-2025 17:33:07] [GatewayService] [http-nio-8080-exec-8] [DEBUG] [o.s.security.web.FilterChainProxy] - Secured GET /actuator/health
[08-11-2025 17:33:07] [GatewayService] [http-nio-8080-exec-8] [DEBUG] [o.s.s.w.a.AnonymousAuthenticationFilter] - Set SecurityContextHolder to anonymous SecurityContext
[08-11-2025 17:33:37] [GatewayService] [http-nio-8080-exec-9] [DEBUG] [o.s.security.web.FilterChainProxy] - Securing GET /actuator/health
[08-11-2025 17:33:37] [GatewayService] [http-nio-8080-exec-9] [DEBUG] [o.s.security.web.FilterChainProxy] - Secured GET /actuator/health
[08-11-2025 17:33:37] [GatewayService] [http-nio-8080-exec-9] [DEBUG] [o.s.s.w.a.AnonymousAuthenticationFilter] - Set SecurityContextHolder to anonymous SecurityContext
[08-11-2025 17:34:07] [GatewayService] [http-nio-8080-exec-10] [DEBUG] [o.s.security.web.FilterChainProxy] - Securing GET /actuator/health
[08-11-2025 17:34:07] [GatewayService] [http-nio-8080-exec-10] [DEBUG] [o.s.security.web.FilterChainProxy] - Secured GET /actuator/health
[08-11-2025 17:34:07] [GatewayService] [http-nio-8080-exec-10] [DEBUG] [o.s.s.w.a.AnonymousAuthenticationFilter] - Set SecurityContextHolder to anonymous SecurityContext
[08-11-2025 17:34:37] [GatewayService] [http-nio-8080-exec-2] [DEBUG] [o.s.security.web.FilterChainProxy] - Securing GET /actuator/health
[08-11-2025 17:34:37] [GatewayService] [http-nio-8080-exec-2] [DEBUG] [o.s.security.web.FilterChainProxy] - Secured GET /actuator/health
[08-11-2025 17:34:37] [GatewayService] [http-nio-8080-exec-2] [DEBUG] [o.s.s.w.a.AnonymousAuthenticationFilter] - Set SecurityContextHolder to anonymous SecurityContext
[08-11-2025 17:35:07] [GatewayService] [http-nio-8080-exec-1] [DEBUG] [o.s.security.web.FilterChainProxy] - Securing GET /actuator/health
[08-11-2025 17:35:07] [GatewayService] [http-nio-8080-exec-1] [DEBUG] [o.s.security.web.FilterChainProxy] - Secured GET /actuator/health
[08-11-2025 17:35:07] [GatewayService] [http-nio-8080-exec-1] [DEBUG] [o.s.s.w.a.AnonymousAuthenticationFilter] - Set SecurityContextHolder to anonymous SecurityContext
[08-11-2025 17:35:37] [GatewayService] [http-nio-8080-exec-4] [DEBUG] [o.s.security.web.FilterChainProxy] - Securing GET /actuator/health
[08-11-2025 17:35:37] [GatewayService] [http-nio-8080-exec-4] [DEBUG] [o.s.security.web.FilterChainProxy] - Secured GET /actuator/health
[08-11-2025 17:35:37] [GatewayService] [http-nio-8080-exec-4] [DEBUG] [o.s.s.w.a.AnonymousAuthenticationFilter] - Set SecurityContextHolder to anonymous SecurityContext
[08-11-2025 17:36:07] [GatewayService] [http-nio-8080-exec-6] [DEBUG] [o.s.security.web.FilterChainProxy] - Securing GET /actuator/health
[08-11-2025 17:36:07] [GatewayService] [http-nio-8080-exec-6] [DEBUG] [o.s.security.web.FilterChainProxy] - Secured GET /actuator/health
[08-11-2025 17:36:07] [GatewayService] [http-nio-8080-exec-6] [DEBUG] [o.s.s.w.a.AnonymousAuthenticationFilter] - Set SecurityContextHolder to anonymous SecurityContext
[08-11-2025 17:36:38] [GatewayService] [http-nio-8080-exec-9] [DEBUG] [o.s.security.web.FilterChainProxy] - Securing GET /actuator/health
[08-11-2025 17:36:38] [GatewayService] [http-nio-8080-exec-9] [DEBUG] [o.s.security.web.FilterChainProxy] - Secured GET /actuator/health
[08-11-2025 17:36:38] [GatewayService] [http-nio-8080-exec-9] [DEBUG] [o.s.s.w.a.AnonymousAuthenticationFilter] - Set SecurityContextHolder to anonymous SecurityContext
[08-11-2025 17:37:08] [GatewayService] [http-nio-8080-exec-10] [DEBUG] [o.s.security.web.FilterChainProxy] - Securing GET /actuator/health
[08-11-2025 17:37:08] [GatewayService] [http-nio-8080-exec-10] [DEBUG] [o.s.security.web.FilterChainProxy] - Secured GET /actuator/health
[08-11-2025 17:37:08] [GatewayService] [http-nio-8080-exec-10] [DEBUG] [o.s.s.w.a.AnonymousAuthenticationFilter] - Set SecurityContextHolder to anonymous SecurityContext
[08-11-2025 17:37:38] [GatewayService] [http-nio-8080-exec-7] [DEBUG] [o.s.security.web.FilterChainProxy] - Securing GET /actuator/health
[08-11-2025 17:37:38] [GatewayService] [http-nio-8080-exec-7] [DEBUG] [o.s.security.web.FilterChainProxy] - Secured GET /actuator/health
[08-11-2025 17:37:38] [GatewayService] [http-nio-8080-exec-7] [DEBUG] [o.s.s.w.a.AnonymousAuthenticationFilter] - Set SecurityContextHolder to anonymous SecurityContext
[08-11-2025 17:38:08] [GatewayService] [http-nio-8080-exec-1] [DEBUG] [o.s.security.web.FilterChainProxy] - Securing GET /actuator/health
[08-11-2025 17:38:08] [GatewayService] [http-nio-8080-exec-1] [DEBUG] [o.s.security.web.FilterChainProxy] - Secured GET /actuator/health
[08-11-2025 17:38:08] [GatewayService] [http-nio-8080-exec-1] [DEBUG] [o.s.s.w.a.AnonymousAuthenticationFilter] - Set SecurityContextHolder to anonymous SecurityContext
[08-11-2025 17:38:38] [GatewayService] [http-nio-8080-exec-3] [DEBUG] [o.s.security.web.FilterChainProxy] - Securing GET /actuator/health
[08-11-2025 17:38:38] [GatewayService] [http-nio-8080-exec-3] [DEBUG] [o.s.security.web.FilterChainProxy] - Secured GET /actuator/health
[08-11-2025 17:38:38] [GatewayService] [http-nio-8080-exec-3] [DEBUG] [o.s.s.w.a.AnonymousAuthenticationFilter] - Set SecurityContextHolder to anonymous SecurityContext
[08-11-2025 17:39:08] [GatewayService] [http-nio-8080-exec-5] [DEBUG] [o.s.security.web.FilterChainProxy] - Securing GET /actuator/health
[08-11-2025 17:39:08] [GatewayService] [http-nio-8080-exec-5] [DEBUG] [o.s.security.web.FilterChainProxy] - Secured GET /actuator/health
[08-11-2025 17:39:08] [GatewayService] [http-nio-8080-exec-5] [DEBUG] [o.s.s.w.a.AnonymousAuthenticationFilter] - Set SecurityContextHolder to anonymous SecurityContext
[08-11-2025 17:39:38] [GatewayService] [http-nio-8080-exec-6] [DEBUG] [o.s.security.web.FilterChainProxy] - Securing GET /actuator/health
[08-11-2025 17:39:38] [GatewayService] [http-nio-8080-exec-6] [DEBUG] [o.s.security.web.FilterChainProxy] - Secured GET /actuator/health
[08-11-2025 17:39:38] [GatewayService] [http-nio-8080-exec-6] [DEBUG] [o.s.s.w.a.AnonymousAuthenticationFilter] - Set SecurityContextHolder to anonymous SecurityContext
[08-11-2025 17:40:08] [GatewayService] [http-nio-8080-exec-8] [DEBUG] [o.s.security.web.FilterChainProxy] - Securing GET /actuator/health
[08-11-2025 17:40:08] [GatewayService] [http-nio-8080-exec-8] [DEBUG] [o.s.security.web.FilterChainProxy] - Secured GET /actuator/health
[08-11-2025 17:40:08] [GatewayService] [http-nio-8080-exec-8] [DEBUG] [o.s.s.w.a.AnonymousAuthenticationFilter] - Set SecurityContextHolder to anonymous SecurityContext
[08-11-2025 17:40:39] [GatewayService] [http-nio-8080-exec-9] [DEBUG] [o.s.security.web.FilterChainProxy] - Securing GET /actuator/health
[08-11-2025 17:40:39] [GatewayService] [http-nio-8080-exec-9] [DEBUG] [o.s.security.web.FilterChainProxy] - Secured GET /actuator/health
[08-11-2025 17:40:39] [GatewayService] [http-nio-8080-exec-9] [DEBUG] [o.s.s.w.a.AnonymousAuthenticationFilter] - Set SecurityContextHolder to anonymous SecurityContext
